{"/home/emanuele/Documenti/workspace/me-gg/src/actions/home.js": {"path":"/home/emanuele/Documenti/workspace/me-gg/src/actions/home.js","statementMap":{"0":{"start":{"line":3,"column":31},"end":{"line":3,"column":78}},"1":{"start":{"line":3,"column":73},"end":{"line":3,"column":77}},"2":{"start":{"line":5,"column":37},"end":{"line":8,"column":1}},"3":{"start":{"line":7,"column":12},"end":{"line":7,"column":16}},"4":{"start":{"line":10,"column":38},"end":{"line":13,"column":1}},"5":{"start":{"line":12,"column":15},"end":{"line":12,"column":22}}},"fnMap":{"0":{"name":"(anonymous_0)","decl":{"start":{"line":3,"column":65},"end":{"line":3,"column":66}},"loc":{"start":{"line":3,"column":73},"end":{"line":3,"column":77}},"line":3},"1":{"name":"(anonymous_1)","decl":{"start":{"line":7,"column":4},"end":{"line":7,"column":5}},"loc":{"start":{"line":7,"column":12},"end":{"line":7,"column":16}},"line":7},"2":{"name":"(anonymous_2)","decl":{"start":{"line":12,"column":4},"end":{"line":12,"column":5}},"loc":{"start":{"line":12,"column":15},"end":{"line":12,"column":22}},"line":12}},"branchMap":{},"s":{"0":1,"1":1,"2":1,"3":1,"4":1,"5":1},"f":{"0":1,"1":1,"2":1},"b":{},"_coverageSchema":"43e27e138ebf9cfc5966b082cf9a028302ed4184","hash":"b684e8e92517f3be57a54a4059247c9ae0d77808"}
}
